{"numTotalTestSuites":6,"numPassedTestSuites":6,"numFailedTestSuites":0,"numPendingTestSuites":0,"numTotalTests":10,"numPassedTests":10,"numFailedTests":0,"numPendingTests":0,"numTodoTests":0,"snapshot":{"added":0,"failure":false,"filesAdded":0,"filesRemoved":0,"filesRemovedList":[],"filesUnmatched":0,"filesUpdated":0,"matched":0,"total":0,"unchecked":0,"uncheckedKeysByFile":[],"unmatched":0,"updated":0,"didUpdate":false},"startTime":1784754610376,"success":true,"testResults":[{"assertionResults":[{"ancestorTitles":["pdv-pix-payment"],"fullName":"pdv-pix-payment monta payload PIX com itens do carrinho","status":"passed","title":"monta payload PIX com itens do carrinho","duration":3.79970000000003,"failureMessages":[],"meta":{}},{"ancestorTitles":["pdv-pix-payment"],"fullName":"pdv-pix-payment valida status de polling","status":"passed","title":"valida status de polling","duration":0.6128000000001066,"failureMessages":[],"meta":{}},{"ancestorTitles":["pdv-pix-payment"],"fullName":"pdv-pix-payment rejeita status inválido","status":"passed","title":"rejeita status inválido","duration":0.8498999999999342,"failureMessages":[],"meta":{}},{"ancestorTitles":["pdv-pix-payment"],"fullName":"pdv-pix-payment polling interval é 3 segundos","status":"passed","title":"polling interval é 3 segundos","duration":0.21939999999995052,"failureMessages":[],"meta":{}}],"startTime":1784754611355,"endTime":1784754611360.8499,"status":"passed","message":"","name":"S:/tcg-judge/frontend/runtime_console_v3/tests/lib/pdv-pix-payment.test.ts"},{"assertionResults":[{"ancestorTitles":["pdv-sale-form"],"fullName":"pdv-sale-form calcula total do carrinho","status":"passed","title":"calcula total do carrinho","duration":1.7451999999999543,"failureMessages":[],"meta":{}},{"ancestorTitles":["pdv-sale-form"],"fullName":"pdv-sale-form monta payload com payment_method cash","status":"passed","title":"monta payload com payment_method cash","duration":2.273399999999924,"failureMessages":[],"meta":{}},{"ancestorTitles":["pdv-sale-form"],"fullName":"pdv-sale-form valida schema e rejeita carrinho vazio","status":"passed","title":"valida schema e rejeita carrinho vazio","duration":2.1287000000000944,"failureMessages":[],"meta":{}},{"ancestorTitles":["pdv-sale-form"],"fullName":"pdv-sale-form exporta schema zod utilizável","status":"passed","title":"exporta schema zod utilizável","duration":0.43629999999996016,"failureMessages":[],"meta":{}}],"startTime":1784754611349,"endTime":1784754611356.4363,"status":"passed","message":"","name":"S:/tcg-judge/frontend/runtime_console_v3/tests/lib/pdv-sale-form.test.ts"},{"assertionResults":[{"ancestorTitles":["PdvCart"],"fullName":"PdvCart mostra empty state sem itens","status":"passed","title":"mostra empty state sem itens","duration":102.05870000000141,"failureMessages":[],"meta":{}},{"ancestorTitles":["PdvCart"],"fullName":"PdvCart calcula total e dispara ações","status":"passed","title":"calcula total e dispara ações","duration":33.755300000000716,"failureMessages":[],"meta":{}}],"startTime":1784754634522,"endTime":1784754634657.7554,"status":"passed","message":"","name":"S:/tcg-judge/frontend/runtime_console_v3/tests/components/seller-dashboard/pdv/PdvCart.test.tsx"}]}