{"numTotalTestSuites":32,"numPassedTestSuites":32,"numFailedTestSuites":0,"numPendingTestSuites":0,"numTotalTests":29,"numPassedTests":29,"numFailedTests":0,"numPendingTests":0,"numTodoTests":0,"snapshot":{"added":0,"failure":false,"filesAdded":0,"filesRemoved":0,"filesRemovedList":[],"filesUnmatched":0,"filesUpdated":0,"matched":0,"total":0,"unchecked":0,"uncheckedKeysByFile":[],"unmatched":0,"updated":0,"didUpdate":false},"startTime":1784772503225,"success":true,"testResults":[{"assertionResults":[{"ancestorTitles":["AssetQualityScore"],"fullName":"AssetQualityScore scores 0–100 from weighted signals","status":"passed","title":"scores 0–100 from weighted signals","duration":1.335899999999981,"failureMessages":[],"meta":{}},{"ancestorTitles":["ExplainableMatching"],"fullName":"ExplainableMatching returns explanation and rejects name-only","status":"passed","title":"returns explanation and rejects name-only","duration":1.4814000000000078,"failureMessages":[],"meta":{}},{"ancestorTitles":["ExplainableMatching"],"fullName":"ExplainableMatching auto-links with strong identity signals","status":"passed","title":"auto-links with strong identity signals","duration":0.35489999999998645,"failureMessages":[],"meta":{}},{"ancestorTitles":["SourceTrust"],"fullName":"SourceTrust orders publisher API above liga and never replaces seller upload","status":"passed","title":"orders publisher API above liga and never replaces seller upload","duration":0.3727000000000089,"failureMessages":[],"meta":{}},{"ancestorTitles":["Manufacturer mapping"],"fullName":"Manufacturer mapping never sets game on accessories","status":"passed","title":"never sets game on accessories","duration":0.41960000000000264,"failureMessages":[],"meta":{}},{"ancestorTitles":["Expansion assets"],"fullName":"Expansion assets maps logo/banner/hero roles","status":"passed","title":"maps logo/banner/hero roles","duration":0.344099999999969,"failureMessages":[],"meta":{}}],"startTime":1784772503622,"endTime":1784772503627.344,"status":"passed","message":"","name":"S:/tcg-judge/services/api/src/product-catalog/application/__tests__/AssetPlatformV2.test.ts"},{"assertionResults":[{"ancestorTitles":["Asset Versioning compare"],"fullName":"Asset Versioning compare detects trust and hash changes without deleting history","status":"passed","title":"detects trust and hash changes without deleting history","duration":1.393100000000004,"failureMessages":[],"meta":{}}],"startTime":1784772506379,"endTime":1784772506380.393,"status":"passed","message":"","name":"S:/tcg-judge/services/api/src/product-catalog/application/__tests__/AssetVersioningLogic.test.ts"},{"assertionResults":[{"ancestorTitles":["ImageMatchScorer"],"fullName":"ImageMatchScorer does not auto-link on name alone","status":"passed","title":"does not auto-link on name alone","duration":1.3347000000000548,"failureMessages":[],"meta":{}},{"ancestorTitles":["ImageMatchScorer"],"fullName":"ImageMatchScorer auto-links accessory on sku + brand + type","status":"passed","title":"auto-links accessory on sku + brand + type","duration":0.33899999999999864,"failureMessages":[],"meta":{}},{"ancestorTitles":["ImageMatchScorer"],"fullName":"ImageMatchScorer auto-links sealed on game + expansion + sku","status":"passed","title":"auto-links sealed on game + expansion + sku","duration":0.24869999999998527,"failureMessages":[],"meta":{}}],"startTime":1784772504645,"endTime":1784772504646.339,"status":"passed","message":"","name":"S:/tcg-judge/services/api/src/product-catalog/application/__tests__/ImageMatchScorer.test.ts"},{"assertionResults":[{"ancestorTitles":["mediaTypeForCategory"],"fullName":"mediaTypeForCategory maps sealed and accessory categories","status":"passed","title":"maps sealed and accessory categories","duration":1.1406999999999812,"failureMessages":[],"meta":{}}],"startTime":1784772506716,"endTime":1784772506717.1406,"status":"passed","message":"","name":"S:/tcg-judge/services/api/src/product-catalog/application/__tests__/mediaTypeForCategory.test.ts"},{"assertionResults":[{"ancestorTitles":["Product Relationship types"],"fullName":"Product Relationship types includes official relation vocabulary","status":"passed","title":"includes official relation vocabulary","duration":1.8496000000000095,"failureMessages":[],"meta":{}},{"ancestorTitles":["Asset Health score"],"fullName":"Asset Health score returns 0–100 weighted score","status":"passed","title":"returns 0–100 weighted score","duration":0.5097000000000094,"failureMessages":[],"meta":{}},{"ancestorTitles":["Source Trust V2"],"fullName":"Source Trust V2 orders hierarchy and protects seller uploads","status":"passed","title":"orders hierarchy and protects seller uploads","duration":0.366800000000012,"failureMessages":[],"meta":{}},{"ancestorTitles":["PublisherAssetPackage"],"fullName":"PublisherAssetPackage builds empty universal package","status":"passed","title":"builds empty universal package","duration":0.5928000000000111,"failureMessages":[],"meta":{}}],"startTime":1784772504001,"endTime":1784772504004.5928,"status":"passed","message":"","name":"S:/tcg-judge/services/api/src/product-catalog/application/__tests__/PlatformV3.test.ts"},{"assertionResults":[{"ancestorTitles":["Platform V4 — Official Product Contents vocabulary"],"fullName":"Platform V4 — Official Product Contents vocabulary defines content types and units for sealed products","status":"passed","title":"defines content types and units for sealed products","duration":2.0679999999999836,"failureMessages":[],"meta":{}},{"ancestorTitles":["Platform V4 — Specifications schemas"],"fullName":"Platform V4 — Specifications schemas covers sleeve deckbox playmat booster","status":"passed","title":"covers sleeve deckbox playmat booster","duration":0.40390000000002146,"failureMessages":[],"meta":{}},{"ancestorTitles":["Platform V4 — Universal metadata"],"fullName":"Platform V4 — Universal metadata scores completeness without AI","status":"passed","title":"scores completeness without AI","duration":0.37990000000002055,"failureMessages":[],"meta":{}},{"ancestorTitles":["Platform V4 — Cross-publisher relationships"],"fullName":"Platform V4 — Cross-publisher relationships supports game targets and new relation types","status":"passed","title":"supports game targets and new relation types","duration":0.3160000000000309,"failureMessages":[],"meta":{}},{"ancestorTitles":["Platform V4 — Universal Asset Package kinds"],"fullName":"Platform V4 — Universal Asset Package kinds includes pdf decklist marketing video slots","status":"passed","title":"includes pdf decklist marketing video slots","duration":0.33039999999999736,"failureMessages":[],"meta":{}}],"startTime":1784772504328,"endTime":1784772504332.3303,"status":"passed","message":"","name":"S:/tcg-judge/services/api/src/product-catalog/application/__tests__/PlatformV4.test.ts"},{"assertionResults":[{"ancestorTitles":["ProductDeduplicationService"],"fullName":"ProductDeduplicationService prioriza SKU sobre EAN e título","status":"passed","title":"prioriza SKU sobre EAN e título","duration":1.2735000000000127,"failureMessages":[],"meta":{}},{"ancestorTitles":["ProductDeduplicationService"],"fullName":"ProductDeduplicationService usa título normalizado quando SKU/EAN ausentes","status":"passed","title":"usa título normalizado quando SKU/EAN ausentes","duration":1.331200000000024,"failureMessages":[],"meta":{}},{"ancestorTitles":["ProductDeduplicationService"],"fullName":"ProductDeduplicationService usa fingerprint de variante após EAN","status":"passed","title":"usa fingerprint de variante após EAN","duration":0.5203000000000202,"failureMessages":[],"meta":{}}],"startTime":1784772505019,"endTime":1784772505022.5203,"status":"passed","message":"","name":"S:/tcg-judge/services/api/src/product-catalog/application/__tests__/ProductDeduplicationService.test.ts"},{"assertionResults":[{"ancestorTitles":["computeQualityScore"],"fullName":"computeQualityScore soma pesos quando campos presentes","status":"passed","title":"soma pesos quando campos presentes","duration":1.0772000000000048,"failureMessages":[],"meta":{}},{"ancestorTitles":["computeQualityScore"],"fullName":"computeQualityScore penaliza produto incompleto","status":"passed","title":"penaliza produto incompleto","duration":0.18319999999999936,"failureMessages":[],"meta":{}}],"startTime":1784772506051,"endTime":1784772506052.183,"status":"passed","message":"","name":"S:/tcg-judge/services/api/src/product-catalog/application/__tests__/qualityScore.test.ts"},{"assertionResults":[{"ancestorTitles":["LigaPublicImageFallback"],"fullName":"LigaPublicImageFallback extracts only name, expansion, type and og:image — ignores prices","status":"passed","title":"extracts only name, expansion, type and og:image — ignores prices","duration":1.5547000000000253,"failureMessages":[],"meta":{}},{"ancestorTitles":["LigaPublicImageFallback"],"fullName":"LigaPublicImageFallback rejects empty when no image","status":"passed","title":"rejects empty when no image","duration":0.57000000000005,"failureMessages":[],"meta":{}}],"startTime":1784772505725,"endTime":1784772505727.57,"status":"passed","message":"","name":"S:/tcg-judge/services/api/src/product-catalog/providers/sealed/__tests__/LigaPublicImageFallback.test.ts"},{"assertionResults":[{"ancestorTitles":["CentralManifestSource"],"fullName":"CentralManifestSource loads versioned manifest without game association","status":"passed","title":"loads versioned manifest without game association","duration":1.72890000000001,"failureMessages":[],"meta":{}},{"ancestorTitles":["CentralDriveSource"],"fullName":"CentralDriveSource maps drive images into accessory items without TCG","status":"passed","title":"maps drive images into accessory items without TCG","duration":1.1359999999999673,"failureMessages":[],"meta":{}}],"startTime":1784772505399,"endTime":1784772505402.136,"status":"passed","message":"","name":"S:/tcg-judge/services/api/src/product-catalog/sources/central/__tests__/CentralSources.test.ts"}]}