{"numTotalTestSuites":99,"numPassedTestSuites":99,"numFailedTestSuites":0,"numPendingTestSuites":0,"numTotalTests":144,"numPassedTests":120,"numFailedTests":0,"numPendingTests":24,"numTodoTests":0,"snapshot":{"added":0,"failure":false,"filesAdded":0,"filesRemoved":0,"filesRemovedList":[],"filesUnmatched":0,"filesUpdated":0,"matched":0,"total":0,"unchecked":0,"uncheckedKeysByFile":[],"unmatched":0,"updated":0,"didUpdate":false},"startTime":1784775377112,"success":true,"testResults":[{"assertionResults":[{"ancestorTitles":["architecture boundaries (ADR-011)"],"fullName":"architecture boundaries (ADR-011) não viola imports cross-BC proibidos","status":"passed","title":"não viola imports cross-BC proibidos","duration":64.5978,"failureMessages":[],"meta":{}},{"ancestorTitles":["architecture boundaries (ADR-011)"],"fullName":"architecture boundaries (ADR-011) PUBLIC_API_BOUNDARIES.md existe","status":"passed","title":"PUBLIC_API_BOUNDARIES.md existe","duration":0.7846999999999866,"failureMessages":[],"meta":{}}],"startTime":1784775382930,"endTime":1784775382995.7847,"status":"passed","message":"","name":"S:/tcg-judge/services/api/src/architecture/__tests__/boundaries.test.ts"},{"assertionResults":[{"ancestorTitles":["CartAggregate"],"fullName":"CartAggregate AddItem / UpdateQuantity / RemoveItem","status":"passed","title":"AddItem / UpdateQuantity / RemoveItem","duration":3.511699999999962,"failureMessages":[],"meta":{}},{"ancestorTitles":["CartAggregate"],"fullName":"CartAggregate MergeGuestCart e MergeUserCart","status":"passed","title":"MergeGuestCart e MergeUserCart","duration":0.5468000000000188,"failureMessages":[],"meta":{}},{"ancestorTitles":["CartAggregate"],"fullName":"CartAggregate ValidateItems","status":"passed","title":"ValidateItems","duration":0.2722999999999729,"failureMessages":[],"meta":{}},{"ancestorTitles":["CouponEngine rules"],"fullName":"CouponEngine rules Percentage + Expiration + MinimumValue","status":"passed","title":"Percentage + Expiration + MinimumValue","duration":0.8451000000000022,"failureMessages":[],"meta":{}},{"ancestorTitles":["CouponEngine rules"],"fullName":"CouponEngine rules SellerCoupon + FreeShipping","status":"passed","title":"SellerCoupon + FreeShipping","duration":0.25689999999997326,"failureMessages":[],"meta":{}},{"ancestorTitles":["CheckoutValidationPipeline"],"fullName":"CheckoutValidationPipeline ValidateSeller → fail fast","status":"passed","title":"ValidateSeller → fail fast","duration":0.4234000000000151,"failureMessages":[],"meta":{}}],"startTime":1784775381631,"endTime":1784775381637.4233,"status":"passed","message":"","name":"S:/tcg-judge/services/api/src/checkout/__tests__/CartAndCoupon.test.ts"},{"assertionResults":[{"ancestorTitles":["Checkout coupon (V1 simples)"],"fullName":"Checkout coupon (V1 simples) aplica percent_off","status":"passed","title":"aplica percent_off","duration":1.564300000000003,"failureMessages":[],"meta":{}},{"ancestorTitles":["Checkout coupon (V1 simples)"],"fullName":"Checkout coupon (V1 simples) aplica amount_off com teto no subtotal","status":"passed","title":"aplica amount_off com teto no subtotal","duration":0.251199999999983,"failureMessages":[],"meta":{}},{"ancestorTitles":["Checkout coupon (V1 simples)"],"fullName":"Checkout coupon (V1 simples) ignora cupom inativo","status":"passed","title":"ignora cupom inativo","duration":0.183400000000006,"failureMessages":[],"meta":{}},{"ancestorTitles":["StartCheckout saga shape"],"fullName":"StartCheckout saga shape ordena steps conforme épico Checkout","status":"passed","title":"ordena steps conforme épico Checkout","duration":0.7067000000000121,"failureMessages":[],"meta":{}}],"startTime":1784775387119,"endTime":1784775387122.7068,"status":"passed","message":"","name":"S:/tcg-judge/services/api/src/checkout/__tests__/CheckoutSaga.test.ts"},{"assertionResults":[{"ancestorTitles":["ConfirmPayment saga shape"],"fullName":"ConfirmPayment saga shape ordena: ValidateSession → ConfirmGateway → InventoryConfirm → MarkCompleted","status":"passed","title":"ordena: ValidateSession → ConfirmGateway → InventoryConfirm → MarkCompleted","duration":1.6719999999999686,"failureMessages":[],"meta":{}},{"ancestorTitles":["StubPaymentGateway confirm"],"fullName":"StubPaymentGateway confirm create → confirm succeeded","status":"passed","title":"create → confirm succeeded","duration":0.7905999999999835,"failureMessages":[],"meta":{}},{"ancestorTitles":["StubPaymentGateway confirm"],"fullName":"StubPaymentGateway confirm simulateSuccess false → failed","status":"passed","title":"simulateSuccess false → failed","duration":0.2366000000000099,"failureMessages":[],"meta":{}}],"startTime":1784775387853,"endTime":1784775387856.2366,"status":"passed","message":"","name":"S:/tcg-judge/services/api/src/checkout/__tests__/ConfirmPayment.test.ts"},{"assertionResults":[{"ancestorTitles":["PaymentGateway factory"],"fullName":"PaymentGateway factory stub resolve","status":"passed","title":"stub resolve","duration":1.0914999999999964,"failureMessages":[],"meta":{}},{"ancestorTitles":["PaymentGateway factory"],"fullName":"PaymentGateway factory skeletons for asaas/pagseguro/pagarme","status":"passed","title":"skeletons for asaas/pagseguro/pagarme","duration":1.6603000000000065,"failureMessages":[],"meta":{}},{"ancestorTitles":["PaymentGateway factory"],"fullName":"PaymentGateway factory stripe without key throws","status":"passed","title":"stripe without key throws","duration":0.27789999999998827,"failureMessages":[],"meta":{}},{"ancestorTitles":["PaymentGateway factory"],"fullName":"PaymentGateway factory mercado_pago without token throws","status":"passed","title":"mercado_pago without token throws","duration":0.23850000000004457,"failureMessages":[],"meta":{}},{"ancestorTitles":["StubPaymentGateway PIX + webhook + refund + duplicate"],"fullName":"StubPaymentGateway PIX + webhook + refund + duplicate creates PIX with QR and copia-e-cola","status":"passed","title":"creates PIX with QR and copia-e-cola","duration":1.9431000000000154,"failureMessages":[],"meta":{}},{"ancestorTitles":["StubPaymentGateway PIX + webhook + refund + duplicate"],"fullName":"StubPaymentGateway PIX + webhook + refund + duplicate webhook marks succeeded then confirm is idempotent","status":"passed","title":"webhook marks succeeded then confirm is idempotent","duration":0.48579999999998336,"failureMessages":[],"meta":{}},{"ancestorTitles":["StubPaymentGateway PIX + webhook + refund + duplicate"],"fullName":"StubPaymentGateway PIX + webhook + refund + duplicate confirm 10 times stays succeeded once","status":"passed","title":"confirm 10 times stays succeeded once","duration":0.2574999999999932,"failureMessages":[],"meta":{}},{"ancestorTitles":["StubPaymentGateway PIX + webhook + refund + duplicate"],"fullName":"StubPaymentGateway PIX + webhook + refund + duplicate refund after capture","status":"passed","title":"refund after capture","duration":0.23910000000000764,"failureMessages":[],"meta":{}},{"ancestorTitles":["ConfirmPayment saga shape includes compensate hooks"],"fullName":"ConfirmPayment saga shape includes compensate hooks documents compensate on ConfirmGatewayPayment + InventoryConfirm","status":"passed","title":"documents compensate on ConfirmGatewayPayment + InventoryConfirm","duration":85.76310000000001,"failureMessages":[],"meta":{}}],"startTime":1784775382018,"endTime":1784775382110.7632,"status":"passed","message":"","name":"S:/tcg-judge/services/api/src/checkout/__tests__/PaymentGateway.adapters.test.ts"},{"assertionResults":[{"ancestorTitles":["Payment validation — webhook duplicate & ordering"],"fullName":"Payment validation — webhook duplicate & ordering duplicate webhook same eventId → single succeeded confirm","status":"passed","title":"duplicate webhook same eventId → single succeeded confirm","duration":3.11220000000003,"failureMessages":[],"meta":{}},{"ancestorTitles":["Payment validation — webhook duplicate & ordering"],"fullName":"Payment validation — webhook duplicate & ordering out-of-order: expired then approved — final state remains consistent (last write wins on stub)","status":"passed","title":"out-of-order: expired then approved — final state remains consistent (last write wins on stub)","duration":0.32910000000003947,"failureMessages":[],"meta":{}},{"ancestorTitles":["Payment validation — webhook duplicate & ordering"],"fullName":"Payment validation — webhook duplicate & ordering ConfirmPaymentIntent ×10 → single external id succeeded","status":"passed","title":"ConfirmPaymentIntent ×10 → single external id succeeded","duration":0.281599999999969,"failureMessages":[],"meta":{}},{"ancestorTitles":["Payment validation — webhook duplicate & ordering"],"fullName":"Payment validation — webhook duplicate & ordering Mercado Pago PIX shape via stub method=pix","status":"passed","title":"Mercado Pago PIX shape via stub method=pix","duration":0.25940000000002783,"failureMessages":[],"meta":{}},{"ancestorTitles":["Payment validation — webhook duplicate & ordering"],"fullName":"Payment validation — webhook duplicate & ordering Stripe adapter constructs only with key","status":"passed","title":"Stripe adapter constructs only with key","duration":0.8892000000000166,"failureMessages":[],"meta":{}}],"startTime":1784775383349,"endTime":1784775383354.8892,"status":"passed","message":"","name":"S:/tcg-judge/services/api/src/checkout/__tests__/PaymentValidation.final.test.ts"},{"assertionResults":[{"ancestorTitles":["ShippingProvider"],"fullName":"ShippingProvider stub quotes PAC + SEDEX","status":"passed","title":"stub quotes PAC + SEDEX","duration":1.1714000000000055,"failureMessages":[],"meta":{}},{"ancestorTitles":["ShippingProvider"],"fullName":"ShippingProvider melhor_envio without token throws","status":"passed","title":"melhor_envio without token throws","duration":0.8550999999999931,"failureMessages":[],"meta":{}},{"ancestorTitles":["ShippingProvider"],"fullName":"ShippingProvider skeletons fail closed","status":"passed","title":"skeletons fail closed","duration":0.9055000000000177,"failureMessages":[],"meta":{}}],"startTime":1784775390380,"endTime":1784775390382.9055,"status":"passed","message":"","name":"S:/tcg-judge/services/api/src/checkout/__tests__/ShippingProvider.test.ts"},{"assertionResults":[{"ancestorTitles":["Sprint 5.4/5.5 — checkout.api.e2e"],"fullName":"Sprint 5.4/5.5 — checkout.api.e2e C1–C6: cart → checkout → pay request → webhook → security","status":"passed","title":"C1–C6: cart → checkout → pay request → webhook → security","duration":327.0807,"failureMessages":[],"meta":{}},{"ancestorTitles":["Sprint 5.4/5.5 — checkout.api.e2e"],"fullName":"Sprint 5.4/5.5 — checkout.api.e2e C5 declined via webhook → reservation released · order cancelled","status":"passed","title":"C5 declined via webhook → reservation released · order cancelled","duration":161.89240000000007,"failureMessages":[],"meta":{}}],"startTime":1784775379495,"endTime":1784775379983.8923,"status":"passed","message":"","name":"S:/tcg-judge/services/api/src/order/__tests__/checkout.api.e2e.test.ts"},{"assertionResults":[{"ancestorTitles":["Sprint 5.1 — Order Domain"],"fullName":"Sprint 5.1 — Order Domain Cart holds price snapshot — never re-reads Listing","status":"passed","title":"Cart holds price snapshot — never re-reads Listing","duration":5.472500000000025,"failureMessages":[],"meta":{}},{"ancestorTitles":["Sprint 5.1 — Order Domain"],"fullName":"Sprint 5.1 — Order Domain Checkout freezes cart into Order; total from snapshots only","status":"passed","title":"Checkout freezes cart into Order; total from snapshots only","duration":2.5585000000000377,"failureMessages":[],"meta":{}},{"ancestorTitles":["Sprint 5.1 — Order Domain"],"fullName":"Sprint 5.1 — Order Domain Checkout freezes cart into Order; payment completion is Payment BC (5.5)","status":"passed","title":"Checkout freezes cart into Order; payment completion is Payment BC (5.5)","duration":0.704400000000021,"failureMessages":[],"meta":{}},{"ancestorTitles":["Sprint 5.1 — Order Domain"],"fullName":"Sprint 5.1 — Order Domain Reservation holds stock without mutating Inventory aggregate","status":"passed","title":"Reservation holds stock without mutating Inventory aggregate","duration":0.6451999999999884,"failureMessages":[],"meta":{}},{"ancestorTitles":["Sprint 5.1 — Order Domain"],"fullName":"Sprint 5.1 — Order Domain Order never mutates Listing — references only","status":"passed","title":"Order never mutates Listing — references only","duration":0.5482000000000085,"failureMessages":[],"meta":{}}],"startTime":1784775380380,"endTime":1784775380390.548,"status":"passed","message":"","name":"S:/tcg-judge/services/api/src/order/__tests__/orderDomain.test.ts"},{"assertionResults":[{"ancestorTitles":["Sprint 5.3 — orderGoldenPath.persistence"],"fullName":"Sprint 5.3 — orderGoldenPath.persistence Cart → Checkout → Reservation HELD → Order → Outbox","status":"passed","title":"Cart → Checkout → Reservation HELD → Order → Outbox","duration":7.412299999999959,"failureMessages":[],"meta":{}}],"startTime":1784775386397,"endTime":1784775386404.4124,"status":"passed","message":"","name":"S:/tcg-judge/services/api/src/order/__tests__/orderGoldenPath.persistence.test.ts"},{"assertionResults":[{"ancestorTitles":["Sprint 6 — production readiness + health"],"fullName":"Sprint 6 — production readiness + health smoke:production-readiness passes end-to-end","status":"passed","title":"smoke:production-readiness passes end-to-end","duration":238.09139999999996,"failureMessages":[],"meta":{}},{"ancestorTitles":["Sprint 6 — production readiness + health"],"fullName":"Sprint 6 — production readiness + health MetricsRegistry emits Prometheus text","status":"passed","title":"MetricsRegistry emits Prometheus text","duration":0.3413999999999078,"failureMessages":[],"meta":{}},{"ancestorTitles":["Sprint 6 — production readiness + health"],"fullName":"Sprint 6 — production readiness + health readiness fails when outbox probe fails","status":"passed","title":"readiness fails when outbox probe fails","duration":0.2595999999999776,"failureMessages":[],"meta":{}},{"ancestorTitles":["Sprint 6 — production readiness + health"],"fullName":"Sprint 6 — production readiness + health BUG-QA-001: postgresCheckoutHealthDeps reports durable postgres, never in_memory","status":"passed","title":"BUG-QA-001: postgresCheckoutHealthDeps reports durable postgres, never in_memory","duration":0.698099999999954,"failureMessages":[],"meta":{}},{"ancestorTitles":["Sprint 6 — production readiness + health"],"fullName":"Sprint 6 — production readiness + health BUG-QA-001: postgresCheckoutHealthDeps fails when SELECT 1 fails","status":"passed","title":"BUG-QA-001: postgresCheckoutHealthDeps fails when SELECT 1 fails","duration":0.5814000000000306,"failureMessages":[],"meta":{}}],"startTime":1784775385757,"endTime":1784775385997.5813,"status":"passed","message":"","name":"S:/tcg-judge/services/api/src/ops/__tests__/productionReadiness.test.ts"},{"assertionResults":[{"ancestorTitles":["OrderAggregate"],"fullName":"OrderAggregate cria PAID com timeline OrderCreated + PaymentApproved","status":"passed","title":"cria PAID com timeline OrderCreated + PaymentApproved","duration":3.59820000000002,"failureMessages":[],"meta":{}},{"ancestorTitles":["OrderAggregate"],"fullName":"OrderAggregate transições PROCESSING → SHIPPED → DELIVERED","status":"passed","title":"transições PROCESSING → SHIPPED → DELIVERED","duration":0.344099999999969,"failureMessages":[],"meta":{}},{"ancestorTitles":["OrderAggregate"],"fullName":"OrderAggregate não cancela DELIVERED","status":"passed","title":"não cancela DELIVERED","duration":0.8711999999999875,"failureMessages":[],"meta":{}}],"startTime":1784775386781,"endTime":1784775386785.871,"status":"passed","message":"","name":"S:/tcg-judge/services/api/src/orders/__tests__/OrderAggregate.test.ts"},{"assertionResults":[{"ancestorTitles":["Sprint 5.5 — payment.webhook.e2e"],"fullName":"Sprint 5.5 — payment.webhook.e2e C1 — approved webhook → Payment AUTHORIZED · Order PAID","status":"passed","title":"C1 — approved webhook → Payment AUTHORIZED · Order PAID","duration":276.3763,"failureMessages":[],"meta":{}},{"ancestorTitles":["Sprint 5.5 — payment.webhook.e2e"],"fullName":"Sprint 5.5 — payment.webhook.e2e C2 — declined → FAILED · reservation RELEASED · Order CANCELLED","status":"passed","title":"C2 — declined → FAILED · reservation RELEASED · Order CANCELLED","duration":175.82089999999994,"failureMessages":[],"meta":{}},{"ancestorTitles":["Sprint 5.5 — payment.webhook.e2e"],"fullName":"Sprint 5.5 — payment.webhook.e2e C3 — duplicate approved webhook → 1 PaymentApproved semantics","status":"passed","title":"C3 — duplicate approved webhook → 1 PaymentApproved semantics","duration":172.95219999999995,"failureMessages":[],"meta":{}},{"ancestorTitles":["Sprint 5.5 — payment.webhook.e2e"],"fullName":"Sprint 5.5 — payment.webhook.e2e C4 — out-of-order approved then failed → stays AUTHORIZED","status":"passed","title":"C4 — out-of-order approved then failed → stays AUTHORIZED","duration":170.66349999999989,"failureMessages":[],"meta":{}},{"ancestorTitles":["Sprint 5.5 — payment.webhook.e2e"],"fullName":"Sprint 5.5 — payment.webhook.e2e C5 — provider timeout → PAYMENT_PENDING · no auto-cancel","status":"passed","title":"C5 — provider timeout → PAYMENT_PENDING · no auto-cancel","duration":161.5335,"failureMessages":[],"meta":{}}],"startTime":1784775378078,"endTime":1784775379036.5334,"status":"passed","message":"","name":"S:/tcg-judge/services/api/src/payment/__tests__/payment.webhook.e2e.test.ts"},{"assertionResults":[{"ancestorTitles":["Order persistence contracts [InMemory]","CartRepository contract"],"fullName":"Order persistence contracts [InMemory] CartRepository contract Insert / add item / checkout","status":"passed","title":"Insert / add item / checkout","duration":3.7362999999999715,"failureMessages":[],"meta":{}},{"ancestorTitles":["Order persistence contracts [InMemory]","CartRepository contract"],"fullName":"Order persistence contracts [InMemory] CartRepository contract Optimistic lock on checkout","status":"passed","title":"Optimistic lock on checkout","duration":1.3770000000000095,"failureMessages":[],"meta":{}},{"ancestorTitles":["Order persistence contracts [InMemory]","CartRepository contract"],"fullName":"Order persistence contracts [InMemory] CartRepository contract Rollback discards cart","status":"passed","title":"Rollback discards cart","duration":0.6147000000000276,"failureMessages":[],"meta":{}},{"ancestorTitles":["Order persistence contracts [InMemory]","CartRepository contract"],"fullName":"Order persistence contracts [InMemory] CartRepository contract Idempotent open cart per buyer (application-level via findOpen)","status":"passed","title":"Idempotent open cart per buyer (application-level via findOpen)","duration":0.3756999999999948,"failureMessages":[],"meta":{}},{"ancestorTitles":["Order persistence contracts [InMemory]","OrderRepository contract"],"fullName":"Order persistence contracts [InMemory] OrderRepository contract Insert / Update status / Optimistic lock","status":"passed","title":"Insert / Update status / Optimistic lock","duration":1.2472999999999956,"failureMessages":[],"meta":{}},{"ancestorTitles":["Order persistence contracts [InMemory]","OrderRepository contract"],"fullName":"Order persistence contracts [InMemory] OrderRepository contract Rollback discards order","status":"passed","title":"Rollback discards order","duration":0.5181999999999789,"failureMessages":[],"meta":{}},{"ancestorTitles":["Order persistence contracts [InMemory]","InventoryReservationRepository contract"],"fullName":"Order persistence contracts [InMemory] InventoryReservationRepository contract Insert HELD / Confirm / heldQuantity","status":"passed","title":"Insert HELD / Confirm / heldQuantity","duration":0.6465000000000032,"failureMessages":[],"meta":{}},{"ancestorTitles":["Order persistence contracts [InMemory]","InventoryReservationRepository contract"],"fullName":"Order persistence contracts [InMemory] InventoryReservationRepository contract Optimistic lock","status":"passed","title":"Optimistic lock","duration":0.4175999999999931,"failureMessages":[],"meta":{}},{"ancestorTitles":["Order persistence contracts [InMemory]","InventoryReservationRepository contract"],"fullName":"Order persistence contracts [InMemory] InventoryReservationRepository contract Rollback discards reservation","status":"passed","title":"Rollback discards reservation","duration":0.48460000000000036,"failureMessages":[],"meta":{}},{"ancestorTitles":["Order persistence contracts [InMemory]","InventoryReservationRepository contract"],"fullName":"Order persistence contracts [InMemory] InventoryReservationRepository contract Idempotency via requestId","status":"passed","title":"Idempotency via requestId","duration":0.31380000000001473,"failureMessages":[],"meta":{}},{"ancestorTitles":["Order persistence contracts [InMemory]","InventoryReservationRepository contract"],"fullName":"Order persistence contracts [InMemory] InventoryReservationRepository contract Invalid transition CONFIRMED → HELD fails","status":"passed","title":"Invalid transition CONFIRMED → HELD fails","duration":0.5067000000000235,"failureMessages":[],"meta":{}},{"ancestorTitles":["Order persistence contracts [InMemory]","InventoryReservationRepository contract"],"fullName":"Order persistence contracts [InMemory] InventoryReservationRepository contract Release frees reservedQuantity","status":"passed","title":"Release frees reservedQuantity","duration":0.5450000000000159,"failureMessages":[],"meta":{}},{"ancestorTitles":["Order persistence contracts [InMemory]","Financial safety contract"],"fullName":"Order persistence contracts [InMemory] Financial safety contract Snapshot preserved: CartItem 100 → Listing would be 200 → OrderItem stays 100","status":"passed","title":"Snapshot preserved: CartItem 100 → Listing would be 200 → OrderItem stays 100","duration":1.398399999999981,"failureMessages":[],"meta":{}},{"ancestorTitles":["Order persistence contracts [InMemory]","Financial safety contract"],"fullName":"Order persistence contracts [InMemory] Financial safety contract Order independent of Marketplace: no ListingRepository required","status":"passed","title":"Order independent of Marketplace: no ListingRepository required","duration":0.8573999999999842,"failureMessages":[],"meta":{}}],"startTime":1784775387493,"endTime":1784775387507.8574,"status":"passed","message":"","name":"S:/tcg-judge/services/api/src/order/persistence/__contracts__/memory.contract.test.ts"},{"assertionResults":[{"ancestorTitles":["Order persistence contracts [Postgres]","CartRepository contract"],"fullName":"Order persistence contracts [Postgres] CartRepository contract Insert / add item / checkout","status":"skipped","title":"Insert / add item / checkout","failureMessages":[],"meta":{}},{"ancestorTitles":["Order persistence contracts [Postgres]","CartRepository contract"],"fullName":"Order persistence contracts [Postgres] CartRepository contract Optimistic lock on checkout","status":"skipped","title":"Optimistic lock on checkout","failureMessages":[],"meta":{}},{"ancestorTitles":["Order persistence contracts [Postgres]","CartRepository contract"],"fullName":"Order persistence contracts [Postgres] CartRepository contract Rollback discards cart","status":"skipped","title":"Rollback discards cart","failureMessages":[],"meta":{}},{"ancestorTitles":["Order persistence contracts [Postgres]","CartRepository contract"],"fullName":"Order persistence contracts [Postgres] CartRepository contract Idempotent open cart per buyer (application-level via findOpen)","status":"skipped","title":"Idempotent open cart per buyer (application-level via findOpen)","failureMessages":[],"meta":{}},{"ancestorTitles":["Order persistence contracts [Postgres]","OrderRepository contract"],"fullName":"Order persistence contracts [Postgres] OrderRepository contract Insert / Update status / Optimistic lock","status":"skipped","title":"Insert / Update status / Optimistic lock","failureMessages":[],"meta":{}},{"ancestorTitles":["Order persistence contracts [Postgres]","OrderRepository contract"],"fullName":"Order persistence contracts [Postgres] OrderRepository contract Rollback discards order","status":"skipped","title":"Rollback discards order","failureMessages":[],"meta":{}},{"ancestorTitles":["Order persistence contracts [Postgres]","InventoryReservationRepository contract"],"fullName":"Order persistence contracts [Postgres] InventoryReservationRepository contract Insert HELD / Confirm / heldQuantity","status":"skipped","title":"Insert HELD / Confirm / heldQuantity","failureMessages":[],"meta":{}},{"ancestorTitles":["Order persistence contracts [Postgres]","InventoryReservationRepository contract"],"fullName":"Order persistence contracts [Postgres] InventoryReservationRepository contract Optimistic lock","status":"skipped","title":"Optimistic lock","failureMessages":[],"meta":{}},{"ancestorTitles":["Order persistence contracts [Postgres]","InventoryReservationRepository contract"],"fullName":"Order persistence contracts [Postgres] InventoryReservationRepository contract Rollback discards reservation","status":"skipped","title":"Rollback discards reservation","failureMessages":[],"meta":{}},{"ancestorTitles":["Order persistence contracts [Postgres]","InventoryReservationRepository contract"],"fullName":"Order persistence contracts [Postgres] InventoryReservationRepository contract Idempotency via requestId","status":"skipped","title":"Idempotency via requestId","failureMessages":[],"meta":{}},{"ancestorTitles":["Order persistence contracts [Postgres]","InventoryReservationRepository contract"],"fullName":"Order persistence contracts [Postgres] InventoryReservationRepository contract Invalid transition CONFIRMED → HELD fails","status":"skipped","title":"Invalid transition CONFIRMED → HELD fails","failureMessages":[],"meta":{}},{"ancestorTitles":["Order persistence contracts [Postgres]","InventoryReservationRepository contract"],"fullName":"Order persistence contracts [Postgres] InventoryReservationRepository contract Release frees reservedQuantity","status":"skipped","title":"Release frees reservedQuantity","failureMessages":[],"meta":{}},{"ancestorTitles":["Order persistence contracts [Postgres]","Financial safety contract"],"fullName":"Order persistence contracts [Postgres] Financial safety contract Snapshot preserved: CartItem 100 → Listing would be 200 → OrderItem stays 100","status":"skipped","title":"Snapshot preserved: CartItem 100 → Listing would be 200 → OrderItem stays 100","failureMessages":[],"meta":{}},{"ancestorTitles":["Order persistence contracts [Postgres]","Financial safety contract"],"fullName":"Order persistence contracts [Postgres] Financial safety contract Order independent of Marketplace: no ListingRepository required","status":"skipped","title":"Order independent of Marketplace: no ListingRepository required","failureMessages":[],"meta":{}}],"startTime":1784775377112,"endTime":1784775377112,"status":"passed","message":"","name":"S:/tcg-judge/services/api/src/order/persistence/__contracts__/postgres.contract.test.ts"},{"assertionResults":[{"ancestorTitles":["Sprint 5.3 — reservationEngine.concurrent.pg"],"fullName":"Sprint 5.3 — reservationEngine.concurrent.pg C1 — estoque=1: two concurrent buyers → one HELD, one OUT_OF_STOCK","status":"skipped","title":"C1 — estoque=1: two concurrent buyers → one HELD, one OUT_OF_STOCK","failureMessages":[],"meta":{}},{"ancestorTitles":["Sprint 5.3 — reservationEngine.concurrent.pg"],"fullName":"Sprint 5.3 — reservationEngine.concurrent.pg C2 — retry idempotente: same requestId → 1 HELD","status":"skipped","title":"C2 — retry idempotente: same requestId → 1 HELD","failureMessages":[],"meta":{}},{"ancestorTitles":["Sprint 5.3 — reservationEngine.concurrent.pg"],"fullName":"Sprint 5.3 — reservationEngine.concurrent.pg C3 — ExpireReservations on past-due HELD","status":"skipped","title":"C3 — ExpireReservations on past-due HELD","failureMessages":[],"meta":{}},{"ancestorTitles":["Sprint 5.3 — reservationEngine.concurrent.pg"],"fullName":"Sprint 5.3 — reservationEngine.concurrent.pg C4 — Confirm HELD → CONFIRMED + outbox","status":"skipped","title":"C4 — Confirm HELD → CONFIRMED + outbox","failureMessages":[],"meta":{}},{"ancestorTitles":["Sprint 5.3 — reservationEngine.concurrent.pg"],"fullName":"Sprint 5.3 — reservationEngine.concurrent.pg C5 — Release frees capacity for next buyer","status":"skipped","title":"C5 — Release frees capacity for next buyer","failureMessages":[],"meta":{}}],"startTime":1784775377112,"endTime":1784775377112,"status":"passed","message":"","name":"S:/tcg-judge/services/api/src/order/reservation/__tests__/reservationEngine.concurrent.pg.test.ts"},{"assertionResults":[{"ancestorTitles":["Sprint 5.3 — Reservation Engine (InMemory)"],"fullName":"Sprint 5.3 — Reservation Engine (InMemory) evaluateHoldCapacity rejects oversell","status":"passed","title":"evaluateHoldCapacity rejects oversell","duration":1.464400000000012,"failureMessages":[],"meta":{}},{"ancestorTitles":["Sprint 5.3 — Reservation Engine (InMemory)"],"fullName":"Sprint 5.3 — Reservation Engine (InMemory) invalid transitions fail","status":"passed","title":"invalid transitions fail","duration":0.9282999999999788,"failureMessages":[],"meta":{}},{"ancestorTitles":["Sprint 5.3 — Reservation Engine (InMemory)"],"fullName":"Sprint 5.3 — Reservation Engine (InMemory) C1 — stock=1: A held, B rejected (serialized)","status":"passed","title":"C1 — stock=1: A held, B rejected (serialized)","duration":3.5772999999999797,"failureMessages":[],"meta":{}},{"ancestorTitles":["Sprint 5.3 — Reservation Engine (InMemory)"],"fullName":"Sprint 5.3 — Reservation Engine (InMemory) C2 — retry same requestId is idempotent","status":"passed","title":"C2 — retry same requestId is idempotent","duration":0.654200000000003,"failureMessages":[],"meta":{}},{"ancestorTitles":["Sprint 5.3 — Reservation Engine (InMemory)"],"fullName":"Sprint 5.3 — Reservation Engine (InMemory) C3 — ExpireReservations moves past-due HELD → EXPIRED","status":"passed","title":"C3 — ExpireReservations moves past-due HELD → EXPIRED","duration":1.5755000000000337,"failureMessages":[],"meta":{}},{"ancestorTitles":["Sprint 5.3 — Reservation Engine (InMemory)"],"fullName":"Sprint 5.3 — Reservation Engine (InMemory) C4 — Confirm emits ReservationConfirmed","status":"passed","title":"C4 — Confirm emits ReservationConfirmed","duration":1.4056000000000495,"failureMessages":[],"meta":{}},{"ancestorTitles":["Sprint 5.3 — Reservation Engine (InMemory)"],"fullName":"Sprint 5.3 — Reservation Engine (InMemory) C5 — Release frees stock for another buyer","status":"passed","title":"C5 — Release frees stock for another buyer","duration":0.6914000000000442,"failureMessages":[],"meta":{}}],"startTime":1784775380767,"endTime":1784775380777.6914,"status":"passed","message":"","name":"S:/tcg-judge/services/api/src/order/reservation/__tests__/reservationEngine.test.ts"},{"assertionResults":[{"ancestorTitles":["Payment persistence contracts [InMemory]","PaymentRepository contract"],"fullName":"Payment persistence contracts [InMemory] PaymentRepository contract Insert / update REQUESTED / optimistic lock","status":"passed","title":"Insert / update REQUESTED / optimistic lock","duration":3.9634000000000356,"failureMessages":[],"meta":{}},{"ancestorTitles":["Payment persistence contracts [InMemory]","PaymentRepository contract"],"fullName":"Payment persistence contracts [InMemory] PaymentRepository contract Idempotency — findByRequestId","status":"passed","title":"Idempotency — findByRequestId","duration":0.47399999999998954,"failureMessages":[],"meta":{}},{"ancestorTitles":["Payment persistence contracts [InMemory]","PaymentRepository contract"],"fullName":"Payment persistence contracts [InMemory] PaymentRepository contract Webhook event key — duplicate is no-op","status":"passed","title":"Webhook event key — duplicate is no-op","duration":0.4271999999999707,"failureMessages":[],"meta":{}},{"ancestorTitles":["Payment persistence contracts [InMemory]","PaymentRepository contract"],"fullName":"Payment persistence contracts [InMemory] PaymentRepository contract Rollback discards payment","status":"passed","title":"Rollback discards payment","duration":0.4995999999999867,"failureMessages":[],"meta":{}},{"ancestorTitles":["Payment persistence contracts [InMemory]","PaymentRepository contract"],"fullName":"Payment persistence contracts [InMemory] PaymentRepository contract Invalid transition AUTHORIZED → FAILED fails","status":"passed","title":"Invalid transition AUTHORIZED → FAILED fails","duration":0.5021999999999593,"failureMessages":[],"meta":{}}],"startTime":1784775391389,"endTime":1784775391395.5022,"status":"passed","message":"","name":"S:/tcg-judge/services/api/src/payment/persistence/__contracts__/memory.contract.test.ts"},{"assertionResults":[{"ancestorTitles":["Payment persistence contracts [Postgres]","PaymentRepository contract"],"fullName":"Payment persistence contracts [Postgres] PaymentRepository contract Insert / update REQUESTED / optimistic lock","status":"skipped","title":"Insert / update REQUESTED / optimistic lock","failureMessages":[],"meta":{}},{"ancestorTitles":["Payment persistence contracts [Postgres]","PaymentRepository contract"],"fullName":"Payment persistence contracts [Postgres] PaymentRepository contract Idempotency — findByRequestId","status":"skipped","title":"Idempotency — findByRequestId","failureMessages":[],"meta":{}},{"ancestorTitles":["Payment persistence contracts [Postgres]","PaymentRepository contract"],"fullName":"Payment persistence contracts [Postgres] PaymentRepository contract Webhook event key — duplicate is no-op","status":"skipped","title":"Webhook event key — duplicate is no-op","failureMessages":[],"meta":{}},{"ancestorTitles":["Payment persistence contracts [Postgres]","PaymentRepository contract"],"fullName":"Payment persistence contracts [Postgres] PaymentRepository contract Rollback discards payment","status":"skipped","title":"Rollback discards payment","failureMessages":[],"meta":{}},{"ancestorTitles":["Payment persistence contracts [Postgres]","PaymentRepository contract"],"fullName":"Payment persistence contracts [Postgres] PaymentRepository contract Invalid transition AUTHORIZED → FAILED fails","status":"skipped","title":"Invalid transition AUTHORIZED → FAILED fails","failureMessages":[],"meta":{}}],"startTime":1784775377112,"endTime":1784775377112,"status":"passed","message":"","name":"S:/tcg-judge/services/api/src/payment/persistence/__contracts__/postgres.contract.test.ts"},{"assertionResults":[{"ancestorTitles":["AssetQualityScore"],"fullName":"AssetQualityScore scores 0–100 from weighted signals","status":"passed","title":"scores 0–100 from weighted signals","duration":1.5124999999999886,"failureMessages":[],"meta":{}},{"ancestorTitles":["ExplainableMatching"],"fullName":"ExplainableMatching returns explanation and rejects name-only","status":"passed","title":"returns explanation and rejects name-only","duration":1.2343000000000188,"failureMessages":[],"meta":{}},{"ancestorTitles":["ExplainableMatching"],"fullName":"ExplainableMatching auto-links with strong identity signals","status":"passed","title":"auto-links with strong identity signals","duration":0.27600000000001046,"failureMessages":[],"meta":{}},{"ancestorTitles":["SourceTrust"],"fullName":"SourceTrust orders publisher API above liga and never replaces seller upload","status":"passed","title":"orders publisher API above liga and never replaces seller upload","duration":0.3597000000000321,"failureMessages":[],"meta":{}},{"ancestorTitles":["Manufacturer mapping"],"fullName":"Manufacturer mapping never sets game on accessories","status":"passed","title":"never sets game on accessories","duration":0.5910999999999831,"failureMessages":[],"meta":{}},{"ancestorTitles":["Expansion assets"],"fullName":"Expansion assets maps logo/banner/hero roles","status":"passed","title":"maps logo/banner/hero roles","duration":0.3231000000000108,"failureMessages":[],"meta":{}}],"startTime":1784775382527,"endTime":1784775382532.323,"status":"passed","message":"","name":"S:/tcg-judge/services/api/src/product-catalog/application/__tests__/AssetPlatformV2.test.ts"},{"assertionResults":[{"ancestorTitles":["Asset Versioning compare"],"fullName":"Asset Versioning compare detects trust and hash changes without deleting history","status":"passed","title":"detects trust and hash changes without deleting history","duration":1.3905000000000314,"failureMessages":[],"meta":{}}],"startTime":1784775391048,"endTime":1784775391049.3904,"status":"passed","message":"","name":"S:/tcg-judge/services/api/src/product-catalog/application/__tests__/AssetVersioningLogic.test.ts"},{"assertionResults":[{"ancestorTitles":["ImageMatchScorer"],"fullName":"ImageMatchScorer does not auto-link on name alone","status":"passed","title":"does not auto-link on name alone","duration":1.419900000000041,"failureMessages":[],"meta":{}},{"ancestorTitles":["ImageMatchScorer"],"fullName":"ImageMatchScorer auto-links accessory on sku + brand + type","status":"passed","title":"auto-links accessory on sku + brand + type","duration":0.36309999999997444,"failureMessages":[],"meta":{}},{"ancestorTitles":["ImageMatchScorer"],"fullName":"ImageMatchScorer auto-links sealed on game + expansion + sku","status":"passed","title":"auto-links sealed on game + expansion + sku","duration":0.24220000000002528,"failureMessages":[],"meta":{}}],"startTime":1784775388188,"endTime":1784775388190.363,"status":"passed","message":"","name":"S:/tcg-judge/services/api/src/product-catalog/application/__tests__/ImageMatchScorer.test.ts"},{"assertionResults":[{"ancestorTitles":["Master listing link categories"],"fullName":"Master listing link categories only allows accessory/sealed shop categories","status":"passed","title":"only allows accessory/sealed shop categories","duration":1.6964000000000397,"failureMessages":[],"meta":{}}],"startTime":1784775392093,"endTime":1784775392094.6963,"status":"passed","message":"","name":"S:/tcg-judge/services/api/src/product-catalog/application/__tests__/MasterListingLinkService.test.ts"},{"assertionResults":[{"ancestorTitles":["mediaTypeForCategory"],"fullName":"mediaTypeForCategory maps sealed and accessory categories","status":"passed","title":"maps sealed and accessory categories","duration":1.1754999999999995,"failureMessages":[],"meta":{}}],"startTime":1784775391762,"endTime":1784775391763.1755,"status":"passed","message":"","name":"S:/tcg-judge/services/api/src/product-catalog/application/__tests__/mediaTypeForCategory.test.ts"},{"assertionResults":[{"ancestorTitles":["Product Relationship types"],"fullName":"Product Relationship types includes official relation vocabulary","status":"passed","title":"includes official relation vocabulary","duration":1.7723999999999478,"failureMessages":[],"meta":{}},{"ancestorTitles":["Asset Health score"],"fullName":"Asset Health score returns 0–100 weighted score","status":"passed","title":"returns 0–100 weighted score","duration":0.5055000000000405,"failureMessages":[],"meta":{}},{"ancestorTitles":["Source Trust V2"],"fullName":"Source Trust V2 orders hierarchy and protects seller uploads","status":"passed","title":"orders hierarchy and protects seller uploads","duration":0.3684999999999832,"failureMessages":[],"meta":{}},{"ancestorTitles":["PublisherAssetPackage"],"fullName":"PublisherAssetPackage builds empty universal package","status":"passed","title":"builds empty universal package","duration":0.6012000000000057,"failureMessages":[],"meta":{}}],"startTime":1784775384883,"endTime":1784775384886.6013,"status":"passed","message":"","name":"S:/tcg-judge/services/api/src/product-catalog/application/__tests__/PlatformV3.test.ts"},{"assertionResults":[{"ancestorTitles":["Platform V4 — Official Product Contents vocabulary"],"fullName":"Platform V4 — Official Product Contents vocabulary defines content types and units for sealed products","status":"passed","title":"defines content types and units for sealed products","duration":3.3659999999999854,"failureMessages":[],"meta":{}},{"ancestorTitles":["Platform V4 — Specifications schemas"],"fullName":"Platform V4 — Specifications schemas covers sleeve deckbox playmat booster","status":"passed","title":"covers sleeve deckbox playmat booster","duration":0.5751999999999953,"failureMessages":[],"meta":{}},{"ancestorTitles":["Platform V4 — Universal metadata"],"fullName":"Platform V4 — Universal metadata scores completeness without AI","status":"passed","title":"scores completeness without AI","duration":0.4304000000000201,"failureMessages":[],"meta":{}},{"ancestorTitles":["Platform V4 — Cross-publisher relationships"],"fullName":"Platform V4 — Cross-publisher relationships supports game targets and new relation types","status":"passed","title":"supports game targets and new relation types","duration":0.34279999999995425,"failureMessages":[],"meta":{}},{"ancestorTitles":["Platform V4 — Universal Asset Package kinds"],"fullName":"Platform V4 — Universal Asset Package kinds includes pdf decklist marketing video slots","status":"passed","title":"includes pdf decklist marketing video slots","duration":0.32490000000001373,"failureMessages":[],"meta":{}}],"startTime":1784775385230,"endTime":1784775385235.3428,"status":"passed","message":"","name":"S:/tcg-judge/services/api/src/product-catalog/application/__tests__/PlatformV4.test.ts"},{"assertionResults":[{"ancestorTitles":["QA V4 — relationship target_key uniqueness"],"fullName":"QA V4 — relationship target_key uniqueness product and game targets never collide","status":"passed","title":"product and game targets never collide","duration":1.6042999999999665,"failureMessages":[],"meta":{}},{"ancestorTitles":["QA V4 — taxonomy navigation"],"fullName":"QA V4 — taxonomy navigation builds breadcrumb without empty nodes","status":"passed","title":"builds breadcrumb without empty nodes","duration":0.38100000000002865,"failureMessages":[],"meta":{}},{"ancestorTitles":["QA V4 — taxonomy navigation"],"fullName":"QA V4 — taxonomy navigation parses query aliases","status":"passed","title":"parses query aliases","duration":0.20220000000000482,"failureMessages":[],"meta":{}},{"ancestorTitles":["QA V4 — metadata completeness invariant"],"fullName":"QA V4 — metadata completeness invariant never exceeds 100","status":"passed","title":"never exceeds 100","duration":0.3316000000000372,"failureMessages":[],"meta":{}},{"ancestorTitles":["QA V4 — known certification gaps (documented)"],"fullName":"QA V4 — known certification gaps (documented) documents that provider sync must populate official contents (BUG-V4-009)","status":"passed","title":"documents that provider sync must populate official contents (BUG-V4-009)","duration":0.1297999999999888,"failureMessages":[],"meta":{}},{"ancestorTitles":["QA V4 — known certification gaps (documented)"],"fullName":"QA V4 — known certification gaps (documented) documents ProductAssetPackageService lacks upsert uniqueness (BUG-V4-006)","status":"passed","title":"documents ProductAssetPackageService lacks upsert uniqueness (BUG-V4-006)","duration":0.1368999999999687,"failureMessages":[],"meta":{}}],"startTime":1784775384175,"endTime":1784775384178.137,"status":"passed","message":"","name":"S:/tcg-judge/services/api/src/product-catalog/application/__tests__/PlatformV4Certification.test.ts"},{"assertionResults":[{"ancestorTitles":["P1 — Search knowledge affinity boosts (BUG-V4-011)"],"fullName":"P1 — Search knowledge affinity boosts (BUG-V4-011) boosts same collection/publisher/lifecycle as secondary only","status":"passed","title":"boosts same collection/publisher/lifecycle as secondary only","duration":1.4660000000000082,"failureMessages":[],"meta":{}},{"ancestorTitles":["P1 — Official knowledge wiring from manifest (BUG-V4-009)"],"fullName":"P1 — Official knowledge wiring from manifest (BUG-V4-009) maps official contents/specs/metadata into DTO","status":"passed","title":"maps official contents/specs/metadata into DTO","duration":1.2907000000000153,"failureMessages":[],"meta":{}}],"startTime":1784775384523,"endTime":1784775384526.2908,"status":"passed","message":"","name":"S:/tcg-judge/services/api/src/product-catalog/application/__tests__/PlatformV4P1Fixes.test.ts"},{"assertionResults":[{"ancestorTitles":["P2 — Asset package identity key (BUG-V4-006)"],"fullName":"P2 — Asset package identity key (BUG-V4-006) builds stable identity from product/kind/url/role","status":"passed","title":"builds stable identity from product/kind/url/role","duration":1.070600000000013,"failureMessages":[],"meta":{}},{"ancestorTitles":["P2 — Asset package identity key (BUG-V4-006)"],"fullName":"P2 — Asset package identity key (BUG-V4-006) treats null url/role as empty strings (dedupe-safe)","status":"passed","title":"treats null url/role as empty strings (dedupe-safe)","duration":0.17590000000001282,"failureMessages":[],"meta":{}},{"ancestorTitles":["P2 — lifecycleCoverage includes AVAILABLE (BUG-V4-007)"],"fullName":"P2 — lifecycleCoverage includes AVAILABLE (BUG-V4-007) pct with AVAILABLE-only products is 100% when all have lifecycle","status":"passed","title":"pct with AVAILABLE-only products is 100% when all have lifecycle","duration":0.24729999999999563,"failureMessages":[],"meta":{}}],"startTime":1784775389260,"endTime":1784775389262.2473,"status":"passed","message":"","name":"S:/tcg-judge/services/api/src/product-catalog/application/__tests__/PlatformV4P2Fixes.test.ts"},{"assertionResults":[{"ancestorTitles":["ProductDeduplicationService"],"fullName":"ProductDeduplicationService prioriza SKU sobre EAN e título","status":"passed","title":"prioriza SKU sobre EAN e título","duration":1.1522999999999683,"failureMessages":[],"meta":{}},{"ancestorTitles":["ProductDeduplicationService"],"fullName":"ProductDeduplicationService usa título normalizado quando SKU/EAN ausentes","status":"passed","title":"usa título normalizado quando SKU/EAN ausentes","duration":0.9949000000000296,"failureMessages":[],"meta":{}},{"ancestorTitles":["ProductDeduplicationService"],"fullName":"ProductDeduplicationService usa fingerprint de variante após EAN","status":"passed","title":"usa fingerprint de variante após EAN","duration":0.28799999999995407,"failureMessages":[],"meta":{}}],"startTime":1784775388550,"endTime":1784775388552.288,"status":"passed","message":"","name":"S:/tcg-judge/services/api/src/product-catalog/application/__tests__/ProductDeduplicationService.test.ts"},{"assertionResults":[{"ancestorTitles":["computeQualityScore"],"fullName":"computeQualityScore soma pesos quando campos presentes","status":"passed","title":"soma pesos quando campos presentes","duration":1.117999999999995,"failureMessages":[],"meta":{}},{"ancestorTitles":["computeQualityScore"],"fullName":"computeQualityScore penaliza produto incompleto","status":"passed","title":"penaliza produto incompleto","duration":0.21280000000001564,"failureMessages":[],"meta":{}}],"startTime":1784775390719,"endTime":1784775390721.213,"status":"passed","message":"","name":"S:/tcg-judge/services/api/src/product-catalog/application/__tests__/qualityScore.test.ts"},{"assertionResults":[{"ancestorTitles":["LigaPublicImageFallback"],"fullName":"LigaPublicImageFallback extracts only name, expansion, type and og:image — ignores prices","status":"passed","title":"extracts only name, expansion, type and og:image — ignores prices","duration":1.6322000000000116,"failureMessages":[],"meta":{}},{"ancestorTitles":["LigaPublicImageFallback"],"fullName":"LigaPublicImageFallback rejects empty when no image","status":"passed","title":"rejects empty when no image","duration":0.6865000000000236,"failureMessages":[],"meta":{}}],"startTime":1784775390023,"endTime":1784775390025.6865,"status":"passed","message":"","name":"S:/tcg-judge/services/api/src/product-catalog/providers/sealed/__tests__/LigaPublicImageFallback.test.ts"},{"assertionResults":[{"ancestorTitles":["CentralManifestSource"],"fullName":"CentralManifestSource loads versioned manifest without game association","status":"passed","title":"loads versioned manifest without game association","duration":1.758199999999988,"failureMessages":[],"meta":{}},{"ancestorTitles":["CentralDriveSource"],"fullName":"CentralDriveSource maps drive images into accessory items without TCG","status":"passed","title":"maps drive images into accessory items without TCG","duration":1.2760000000000105,"failureMessages":[],"meta":{}}],"startTime":1784775388918,"endTime":1784775388921.276,"status":"passed","message":"","name":"S:/tcg-judge/services/api/src/product-catalog/sources/central/__tests__/CentralSources.test.ts"}]}